MPASM 5.77               COLORIZE_ANALOG.ASM   8-13-2018  12:11:19         PAGE  1


LOC  OBJECT CODE     LINE SOURCE TEXT
  VALUE

                      00001 ; list  R=DEC
                      00002 ;;*******************************************************************************
                      00003 ;;
                      00004 ;; Program: WS2813
                      00005 ;; Author: Paul Wood
                      00006 ;; Date Created: 06/30/2018 5:40PM
                      00007 ;; Purpose: To display patterns on WS2813 based RGB LED strip
                      00008 ;;
                      00009 ;;*******************************************************************************
                      00010 ;;
                      00011 ;; Program Hierarchy:
                      00012 ;;
                      00013 ;;
                      00014 ;;*******************************************************************************
                      00015 ;;                                EXTERNALS
                      00016 ;;*******************************************************************************
                      00017 ;#include p16f1615.inc
                      00018 ;#include WS2813.inc
                      00019 ;#include UtilMacros.inc
                      00020 ;#include UtilRoutines.inc
                      00021 ;    
                      00022 ;    GLOBAL  DO_RENDER
                      00023 ;    GLOBAL  EXTERN_INTERRUPT_SERV
                      00024 ;    GLOBAL  EXTERN_INITIAL
                      00025 ;    
                      00026 ;    EXTERN  WRGB
                      00027 ;    EXTERN  RENDER_STATUS
                      00028 ;  
                      00029 ;;*******************************************************************************
                      00030 ;;                            MACRO DEFINITIONS
                      00031 ;;*******************************************************************************
                      00032 ;ACQ_DELAY   MACRO
                      00033 ;   LOCAL    ACQ
                      00034 ;   MOVLW    0x0E
                      00035 ;ACQ:
                      00036 ;    DECFSZ  WREG, W
                      00037 ;    GOTO    ACQ
                      00038 ;   ENDM
                      00039 ;; MSGEQ7_RESET_PULSE MACRO
                      00040 ;    
                      00041 ;   
                      00042 ;   
                      00043 ;WITHIN_WINDOW  MACRO   D           ; sets C flag of STATUS register
                      00044 ;       LOCAL   LBNOTMET
                      00045 ;       LOCAL   CHECKUB
                      00046 ;       LOCAL   ENDCHECK
                      00047 ;       CLRSTAT                     ; clear Z and C flags
                      00048 ;       CMP16   TGRL, D             ; test if above lower trigger - C will be clear
                      00049 ;       BTFSC   STATUS, C
                      00050 ;        GOTO   LBNOTMET
                      00051 ;       GOTO    CHECKUB
                      00052 ;LBNOTMET:
                      00053 ;       BCF     STATUS, C
MPASM 5.77               COLORIZE_ANALOG.ASM   8-13-2018  12:11:19         PAGE  2


LOC  OBJECT CODE     LINE SOURCE TEXT
  VALUE

                      00054 ;       GOTO    ENDCHECK
                      00055 ;CHECKUB:
                      00056 ;       CMP16   TGRH, D             ; will set c if below TGRH
                      00057 ;ENDCHECK:
                      00058 ;       ENDM
                      00059 ;   
                      00060 ;;*******************************************************************************
                      00061 ;;                          VARIABLE DEFINITIONS
                      00062 ;;*******************************************************************************
                      00063 ;    #DEFINE ADC_TRIS   TRISA2
                      00064 ;    #DEFINE ADC_ANSEL  ANSA2
                      00065 ;    
                      00066 ;    
                      00067 ;    UDATA   0x20
                      00068 ;;TEMP REGISTERS
                      00069 ;TEMP8  RES 1
                      00070 ;TEMP16 RES 2
                      00071 ;    
                      00072 ;    
                      00073 ;;DATA AND STATUS REGISTERS
                      00074 ;WDATA  RES 2               ; copied data from ADC read
                      00075 ;PDATA  RES 2               ; last read 
                      00076 ;SIGNAL RES 1               ; bit 0: MIN_WAV found
                      00077 ;                           ; bit 1: MAX_WAVE found
                      00078 ;                           ; bit 2: POS_SLOPE
                      00079 ;                           ; bit 3: NEG_SLOPE
                      00080 ;                           ; bit 4: allow trigger 2
                      00081 ;                           ; bit 5: SAMPLING_DONE
                      00082 ;       
                      00083 ;    ; red colorization parameters
                      00084 ;RS1 RES 1                  ; red slope - can be constant or function of frequency (ADC result)
                      00085 ;RS2 RES        1
                      00086 ;R1  RES        2                   ; red point 1
                      00087 ;R2  RES 2                  ; red point 2
                      00088 ;R3  RES 2                  ; red point 3
                      00089 ;  
                      00090 ;    ; green colorization parameters
                      00091 ;GS1 RES 1                  ; green slope - can be constant or function of frequency (ADC result)
                      00092 ;GS2 RES 1
                      00093 ;G1  RES        2                   ; green point 1
                      00094 ;G2  RES 2                  ; green point 2
                      00095 ;G3  RES 2                  ; green point 3
                      00096 ;G4  RES 2                  ; green point 4
                      00097 ;  
                      00098 ;    ; blue colorization parameters
                      00099 ;BS1 RES 1                  ; blue slope - can be constant or function of frequency (ADC result)
                      00100 ;B1  RES        2                   ; blue point 1
                      00101 ;B2  RES 2                  ; blue point 2
                      00102 ;  
                      00103 ;COLORIZOR   CODE
                      00104 ;;*******************************************************************************
                      00105 ;;                              EXTERN_INITIAL
                      00106 ;;*******************************************************************************   
MPASM 5.77               COLORIZE_ANALOG.ASM   8-13-2018  12:11:19         PAGE  3


LOC  OBJECT CODE     LINE SOURCE TEXT
  VALUE

                      00107 ;EXTERN_INITIAL:
                      00108 ;;PORT CONFIG
                      00109 ;    BANKSEL LATA
                      00110 ;    CLRF    LATA
                      00111 ;    BANKSEL PORTA
                      00112 ;    BSF            PORTA, ADC_TRIS
                      00113 ;    BANKSEL ANSELA
                      00114 ;    BSF            ANSELA, ADC_ANSEL
                      00115 ;
                      00116 ;;ADC CONFIG
                      00117 ;    BANKSEL ADCON1
                      00118 ;    MOVLF   ADCON1, b'11000000'                ; right justified, Fosc/2, VDD ref
                      00119 ;    MOVLF   ADCON0, b'00001001'                ; enable and set output channel to AN2
                      00120 ;    
                      00121 ;; PIECEWISE PARAMETERS - SEE EXCEL
                      00122 ;    ;RED
                      00123 ;    BANKSEL RS1
                      00124 ;    MOVLF   RS1, 5
                      00125 ;    MOVLF   RS2, 6
                      00126 ;    INIT16  R1, 8192
                      00127 ;    INIT16  R2, 16384
                      00128 ;    INIT16  R3, 57344
                      00129 ;    
                      00130 ;    ;GREEN
                      00131 ;    BANKSEL GS1
                      00132 ;    MOVLF   GS1, 5
                      00133 ;    MOVLF   GS2, 5
                      00134 ;    INIT16  G1, 8192
                      00135 ;    INIT16  G2, 16384
                      00136 ;    INIT16  G3, 24576
                      00137 ;    INIT16  G4, 32768
                      00138 ;    
                      00139 ;    ;BLUE 
                      00140 ;    BANKSEL BS1
                      00141 ;    MOVLF   BS1, 5
                      00142 ;    INIT16  B1, 24576
                      00143 ;    INIT16  B2, 32768
                      00144 ;     
                      00145 ;    
                      00146 ;    RETURN
                      00147 ;    
                      00148 ; 
                      00149 ;;*******************************************************************************
                      00150 ;;                          EXTERN_INTERRUPT_SERV
                      00151 ;;*******************************************************************************
                      00152 ;EXTERN_INTERRUPT_SERV:
                      00153 ;    
                      00154 ;    
                      00155 ;    RETURN
                      00156 ;    
                      00157 ;    
                      00158 ;    
                      00159 ;
MPASM 5.77               COLORIZE_ANALOG.ASM   8-13-2018  12:11:19         PAGE  4


LOC  OBJECT CODE     LINE SOURCE TEXT
  VALUE

                      00160 ;    
                      00161 ;;*******************************************************************************
                      00162 ;;                               DO_RENDER
                      00163 ;;*******************************************************************************
                      00164 ;DO_RENDER:
                      00165 ;    BANKSEL WRGB                   
                      00166 ;    MOVLF   WRGB, 0xFF             ; green 
                      00167 ;    MOVLF   WRGB+1, 0x00           ; red 
                      00168 ;    MOVLF   WRGB+2, 0x00           ; blue 
                      00169 ;    
                      00170 ;    RETURN
                      00171 ;
                      00172 ;    
                      00173 ;    
                      00174 ;;SET_WRGB:
                      00175 ;;
                      00176 ;;; GREEN PIECEWISE FUNCTION    
                      00177 ;;;   | 0x00            , f <= G1
                      00178 ;;;   | GS1(f-G1)               , G1 < f <= G2
                      00179 ;;;   | 0xFF            , G2 < f <= G3
                      00180 ;;;   | 0xFF - GS1(f-G3)        , G3 < f <= G4
                      00181 ;;;   | 0x00            , f > G4
                      00182 ;;;
                      00183 ;;SET_GREEN:
                      00184 ;;    BCF           STATUS, C
                      00185 ;;    BANKSEL DELTA_T
                      00186 ;;    CMP16   DELTA_T, G1                       ; check for first range in piecewise
                      00187 ;;    BTFSS   STATUS, C                 
                      00188 ;;    GOTO    G_1                               ; within first range
                      00189 ;;    GOTO    G_12                      ; MIGHT be in the next range
                      00190 ;;G_1:  ; first range in piecewise
                      00191 ;;    BANKSEL WRGB
                      00192 ;;    MOVLF   WRGB, 0x00
                      00193 ;;    GOTO    SET_RED
                      00194 ;;    
                      00195 ;;G_12:   ; second range in piecewise
                      00196 ;;    BCF           STATUS, C
                      00197 ;;    BANKSEL DELTA_T
                      00198 ;;    CMP16   DELTA_T, G2
                      00199 ;;    BTFSC   STATUS, C 
                      00200 ;;     GOTO    G_23                     ; might be in the next range 
                      00201 ;;    
                      00202 ;;    MOV16   DELTA_T, TEMP16           ; in this range
                      00203 ;;    SUB16   TEMP16, G1                        ; (f - G1)
                      00204 ;;    RSF16   TEMP16, GS1                       ; (f - G1) / (1/m >> GS)
                      00205 ;;    BANKSEL WRGB
                      00206 ;;    CPYFF   TEMP16, WRGB              ; WRGB in GRB format
                      00207 ;;    GOTO    SET_RED
                      00208 ;;    
                      00209 ;;G_23: ; third range in piecewise
                      00210 ;;    BCF           STATUS, C
                      00211 ;;    BANKSEL DELTA_T
                      00212 ;;    CMP16   DELTA_T, G3
MPASM 5.77               COLORIZE_ANALOG.ASM   8-13-2018  12:11:19         PAGE  5


LOC  OBJECT CODE     LINE SOURCE TEXT
  VALUE

                      00213 ;;    BTFSC   STATUS, C                 ; might be in next range 
                      00214 ;;     GOTO    G_34
                      00215 ;;    
                      00216 ;;    BANKSEL WRGB                      ; in this range 
                      00217 ;;    MOVLF   WRGB, 0xFF
                      00218 ;;    GOTO    SET_RED
                      00219 ;;    
                      00220 ;;G_34: ; fourth range in piecewise
                      00221 ;;    BCF           STATUS, C
                      00222 ;;    BANKSEL DELTA_T
                      00223 ;;    CMP16   DELTA_T, G2
                      00224 ;;    BTFSC   STATUS, C 
                      00225 ;;     GOTO    G_4                      ; it is in the fifth range
                      00226 ;;    
                      00227 ;;    MOV16   DELTA_T, TEMP16           ; in this range
                      00228 ;;    SUB16   TEMP16, G1                        ; (f - G1)
                      00229 ;;    RSF16   TEMP16, GS2                       ; (f - G1) / (1/m >> GS)
                      00230 ;;    MOVLF   TEMP8, 0xFF
                      00231 ;;    MOVFW   TEMP16
                      00232 ;;    SUBWF   TEMP8, F
                      00233 ;;    BANKSEL WRGB
                      00234 ;;    CPYFF   TEMP8, WRGB                       ; WRGB in GRB format
                      00235 ;;    GOTO    SET_RED
                      00236 ;;    
                      00237 ;;G_4:  ; fifth range in piecewise
                      00238 ;;    BANKSEL WRGB
                      00239 ;;    MOVLF   WRGB, 0x00
                      00240 ;;    
                      00241 ;;    
                      00242 ;;    
                      00243 ;;; RED PIECEWISE FUNCTION    
                      00244 ;;;   | 0xFF            , f <= R1
                      00245 ;;;   | 0xFF - RS2(f-GR), R1 < f <= R2
                      00246 ;;;   | 0x00            , R2 < f <= R3
                      00247 ;;;   | RS1(f-R1)               , f > R3
                      00248 ;;;    
                      00249 ;;SET_RED:
                      00250 ;;    BCF           STATUS, C
                      00251 ;;    BANKSEL DELTA_T
                      00252 ;;    CMP16   DELTA_T, R1
                      00253 ;;    BTFSS   STATUS, C                 ; test if WDATA <= R1
                      00254 ;;    GOTO    R_1
                      00255 ;;    GOTO    R_12
                      00256 ;;R_1:  ; WDATA <= R1
                      00257 ;;    BANKSEL WRGB
                      00258 ;;    MOVLF   WRGB+1, 0xFF
                      00259 ;;    GOTO    SET_BLUE
                      00260 ;;    
                      00261 ;;R_12:   ; R1 < WDATA <= R2 
                      00262 ;;    BCF           STATUS, C
                      00263 ;;    BANKSEL DELTA_T
                      00264 ;;    CMP16   DELTA_T, R2
                      00265 ;;    BTFSC   STATUS, C 
MPASM 5.77               COLORIZE_ANALOG.ASM   8-13-2018  12:11:19         PAGE  6


LOC  OBJECT CODE     LINE SOURCE TEXT
  VALUE

                      00266 ;;     GOTO    R_23                     ; go to R_23 if WDATA not within range of R_12
                      00267 ;;    
                      00268 ;;    MOV16   DELTA_T, TEMP16           ; (f - R1)
                      00269 ;;    SUB16   TEMP16, R1
                      00270 ;;    RSF16   TEMP16, RS1                       ; (f - R1) / (1/m >> RS)
                      00271 ;;    MOVLF   TEMP8, 0xFF
                      00272 ;;    MOVFW   TEMP16
                      00273 ;;    SUBWF   TEMP8, F
                      00274 ;;    BANKSEL WRGB
                      00275 ;;    CPYFF   TEMP8, WRGB+1             ; WRGB in GRB format
                      00276 ;;    GOTO    SET_BLUE
                      00277 ;;    
                      00278 ;;R_23: ; R2 < WDATA <= R3 
                      00279 ;;    BCF           STATUS, C
                      00280 ;;    BANKSEL DELTA_T
                      00281 ;;    CMP16   DELTA_T, R3
                      00282 ;;    BTFSC   STATUS, C 
                      00283 ;;     GOTO    R_3
                      00284 ;;    
                      00285 ;;    BANKSEL WRGB
                      00286 ;;    MOVLF   WRGB+1, 0x00
                      00287 ;;    GOTO    SET_BLUE
                      00288 ;;    
                      00289 ;;R_3:  ; WDATA > R3
                      00290 ;;    BCF           STATUS, C
                      00291 ;;    BANKSEL DELTA_T
                      00292 ;;    MOV16   DELTA_T, TEMP16           ; (f - R1)
                      00293 ;;    SUB16   TEMP16, R3
                      00294 ;;    RSF16   TEMP16, RS2                       ; (f - R1) / (1/m >> RS)
                      00295 ;;    BANKSEL WRGB
                      00296 ;;    CPYFF   TEMP16, WRGB+1            ; WRGB in GRB format
                      00297 ;;  
                      00298 ;;    
                      00299 ;;    
                      00300 ;;; BLUE PIECEWISE FUNCTION    
                      00301 ;;;   | 0x00            , f <= B1
                      00302 ;;;   | GS1(f-G1)               , B1 < f <= B2
                      00303 ;;;   | 0xFF            , f > B2
                      00304 ;;SET_BLUE:    
                      00305 ;;    BCF           STATUS, C
                      00306 ;;    BANKSEL DELTA_T
                      00307 ;;    CMP16   DELTA_T, B1                       ; check for first range in piecewise
                      00308 ;;    BTFSS   STATUS, C                 
                      00309 ;;    GOTO    B_1                               ; within first range
                      00310 ;;    GOTO    B_12                      ; MIGHT be in the next range
                      00311 ;;B_1:  ; first range in piecewise
                      00312 ;;    BANKSEL WRGB
                      00313 ;;    MOVLF   WRGB+2, 0x00
                      00314 ;;    RETURN
                      00315 ;;    
                      00316 ;;B_12:   ; second range in piecewise
                      00317 ;;    BCF           STATUS, C
                      00318 ;;    BANKSEL DELTA_T
MPASM 5.77               COLORIZE_ANALOG.ASM   8-13-2018  12:11:19         PAGE  7


LOC  OBJECT CODE     LINE SOURCE TEXT
  VALUE

                      00319 ;;    CMP16   DELTA_T, B2
                      00320 ;;    BTFSC   STATUS, C 
                      00321 ;;     GOTO    B_23                     ; might be in the next range 
                      00322 ;;    
                      00323 ;;    MOV16   DELTA_T, TEMP16           ; in this range
                      00324 ;;    SUB16   TEMP16, B1                        ; (f - G1)
                      00325 ;;    RSF16   TEMP16, BS1                       ; (f - G1) / (1/m >> GS)
                      00326 ;;    BANKSEL WRGB
                      00327 ;;    CPYFF   TEMP16, WRGB+2            ; WRGB in GRB format
                      00328 ;;    RETURN
                      00329 ;;    
                      00330 ;;B_23: ; third range in piecewise
                      00331 ;;    BCF           STATUS, C
                      00332 ;;    BANKSEL WRGB                       
                      00333 ;;    MOVLF   WRGB+2, 0xFF
                      00334 ;;    RETURN
                      00335 ;
                      00336     
                      00337     END
MPASM 5.77               COLORIZE_ANALOG.ASM   8-13-2018  12:11:19         PAGE  8


SYMBOL TABLE
  LABEL                             VALUE 

__16F1615                         00000001
__DEBUG                           
__MPLAB_DEBUGGER_SIMULATOR        1

Errors   :     0
Warnings :     0 reported,     0 suppressed
Messages :     0 reported,     0 suppressed

